-- Using CATKIN_DEVEL_PREFIX: /root/catkin_ws/devel
-- Using CMAKE_PREFIX_PATH: /root/catkin_ws/devel;/opt/ros/kinetic
-- This workspace overlays: /root/catkin_ws/devel;/opt/ros/kinetic
-- Using PYTHON_EXECUTABLE: /usr/bin/python
-- Using Debian Python package layout
-- Using empy: /usr/bin/empy
-- Using CATKIN_ENABLE_TESTING: ON
-- Call enable_testing()
-- Using CATKIN_TEST_RESULTS_DIR: /root/catkin_ws/build/test_results
-- Found gmock sources under '/usr/src/gmock': gmock will be built
-- Found gtest sources under '/usr/src/gmock': gtests will be built
-- Using Python nosetests: /usr/bin/nosetests-2.7
-- catkin 0.7.14
-- BUILD_SHARED_LIBS is on
-- ~~~~~~~~~~~~~~~~~~~~~~~~~~~~~~~~~~~~~~~~~~~~~~~~~
-- ~~  traversing 1 packages in topological order:
-- ~~  - controller
-- ~~~~~~~~~~~~~~~~~~~~~~~~~~~~~~~~~~~~~~~~~~~~~~~~~
-- +++ processing catkin package: 'controller'
-- ==> add_subdirectory(controller)
-- Using these message generators: gencpp;geneus;genlisp;gennodejs;genpy
-- Configuring done
CMake Error at controller/CMakeLists.txt:202 (add_executable):
  CXX_STANDARD is set to invalid value '17'


-- Generating done
-- Build files have been written to: /root/catkin_ws/build
Makefile:542: recipe for target 'cmake_check_build_system' failed
make: *** [cmake_check_build_system] Error 1
Base path: /root/catkin_ws
Source space: /root/catkin_ws/src
Build space: /root/catkin_ws/build
Devel space: /root/catkin_ws/devel
Install space: /root/catkin_ws/install
####
#### Running command: "make cmake_check_build_system" in "/root/catkin_ws/build"
####
Invoking "make cmake_check_build_system" failed
